#
# A fatal error has been detected by the Java Runtime Environment:
#
#  EXCEPTION_ACCESS_VIOLATION (0xc0000005) at pc=0x000000006c69571f, pid=1316, tid=11156
#
# JRE version: Java(TM) SE Runtime Environment (8.0_60-b27) (build 1.8.0_60-b27)
# Java VM: Java HotSpot(TM) 64-Bit Server VM (25.60-b23 mixed mode windows-amd64 compressed oops)
# Problematic frame:
# C  [nvoglv64.DLL+0xe5571f]
#
# Failed to write core dump. Minidumps are not enabled by default on client versions of Windows
#
# If you would like to submit a bug report, please visit:
#   http://bugreport.java.com/bugreport/crash.jsp
# The crash happened outside the Java Virtual Machine in native code.
# See problematic frame for where to report the bug.
#

---------------  T H R E A D  ---------------

Current thread (0x0000000002a2d800):  JavaThread "main" [_thread_in_native, id=11156, stack(0x0000000002a30000,0x0000000002b30000)]

siginfo: ExceptionCode=0xc0000005, reading address 0x0000000000000000

Registers:
RAX=0x000000006c69571f, RBX=0x000000002df7bcb0, RCX=0x000000002df7bccc, RDX=0x0000000000000000
RSP=0x0000000002b2e908, RBP=0x0000000000000000, RSI=0x0000000000000034, RDI=0x000000002951f080
R8 =0x0000000000000006, R9 =0x000000006b840000, R10=0x000000002df7bccc, R11=0x000000002df7bccc
R12=0x0000000000001401, R13=0x0000000000000006, R14=0x0000000000000006, R15=0x0000000000000004
RIP=0x000000006c69571f, EFLAGS=0x0000000000010202

Top of Stack: (sp=0x0000000002b2e908)
0x0000000002b2e908:   000000006bf5e80c 0000000002a2d420
0x0000000002b2e918:   000000006d22a016 0000000002b2eff8
0x0000000002b2e928:   0000000002a2e080 00000000000003d8
0x0000000002b2e938:   0000000002a2e090 000000002569bb30
0x0000000002b2e948:   0000000002a2d800 000000002569bb30
0x0000000002b2e958:   0000000002a2d800 00000007c006c810
0x0000000002b2e968:   0000000002c45cc6 0000000002a2d800
0x0000000002b2e978:   0000000002b2ea90 0000000000000000
0x0000000002b2e988:   00000007c006c810 0000000002b2ea40
0x0000000002b2e998:   0000000002c45e34 0000000000000188
0x0000000002b2e9a8:   0000000002b2ea00 000000002569bb30
0x0000000002b2e9b8:   000000002569bb30 0000000700001401
0x0000000002b2e9c8:   0000000000000000 000000006c1d4a60
0x0000000002b2e9d8:   000000002569bb30 0000000000000188
0x0000000002b2e9e8:   0000000002a2d800 0000000002b2eb18
0x0000000002b2e9f8:   0000000002c45b62 0000000002b2ea00 

Instructions: (pc=0x000000006c69571f)
0x000000006c6956ff:   01 49 8b c3 c3 8b 02 41 89 02 49 8b c3 c3 48 0f
0x000000006c69570f:   b6 02 8b 4a 01 41 88 02 41 89 4a 01 49 8b c3 c3
0x000000006c69571f:   48 0f b7 02 8b 4a 02 66 41 89 02 41 89 4a 02 49
0x000000006c69572f:   8b c3 c3 48 0f b6 02 48 0f b7 4a 01 8b 52 03 41 


Register to memory mapping:

RAX=0x000000006c69571f is an unknown value
RBX=0x000000002df7bcb0 is an unknown value
RCX=0x000000002df7bccc is an unknown value
RDX=0x0000000000000000 is an unknown value
RSP=0x0000000002b2e908 is pointing into the stack for thread: 0x0000000002a2d800
RBP=0x0000000000000000 is an unknown value
RSI=0x0000000000000034 is an unknown value
RDI=0x000000002951f080 is an unknown value
R8 =0x0000000000000006 is an unknown value
R9 =0x000000006b840000 is an unknown value
R10=0x000000002df7bccc is an unknown value
R11=0x000000002df7bccc is an unknown value
R12=0x0000000000001401 is an unknown value
R13=0x0000000000000006 is an unknown value
R14=0x0000000000000006 is an unknown value
R15=0x0000000000000004 is an unknown value


Stack: [0x0000000002a30000,0x0000000002b30000],  sp=0x0000000002b2e908,  free space=1018k
Native frames: (J=compiled Java code, j=interpreted, Vv=VM code, C=native code)

Java frames: (J=compiled Java code, j=interpreted, Vv=VM code)
j  org.lwjgl.opengl.GL11.nglDrawElements(IIIJJ)V+0
j  org.lwjgl.opengl.GL11.nglDrawElements(IIIJ)V+14
j  org.lwjgl.opengl.GL11.glDrawElements(IIIJ)V+17
j  gameEngine.GameObject.draw()V+20
j  gameEngine.Stage.draw()V+31
j  main.Driver.render()V+17
j  main.Driver.run()V+70
j  main.Driver.main([Ljava/lang/String;)V+17
v  ~StubRoutines::call_stub
j  sun.reflect.NativeMethodAccessorImpl.invoke0(Ljava/lang/reflect/Method;Ljava/lang/Object;[Ljava/lang/Object;)Ljava/lang/Object;+0
j  sun.reflect.NativeMethodAccessorImpl.invoke(Ljava/lang/Object;[Ljava/lang/Object;)Ljava/lang/Object;+100
j  sun.reflect.DelegatingMethodAccessorImpl.invoke(Ljava/lang/Object;[Ljava/lang/Object;)Ljava/lang/Object;+6
j  java.lang.reflect.Method.invoke(Ljava/lang/Object;[Ljava/lang/Object;)Ljava/lang/Object;+56
j  com.intellij.rt.execution.application.AppMain.main([Ljava/lang/String;)V+157
v  ~StubRoutines::call_stub

---------------  P R O C E S S  ---------------

Java Threads: ( => current thread )
  0x0000000027e33000 JavaThread "Monitor Ctrl-Break" daemon [_thread_in_native, id=10860, stack(0x00000000289d0000,0x0000000028ad0000)]
  0x0000000027d87000 JavaThread "Service Thread" daemon [_thread_blocked, id=12624, stack(0x00000000286b0000,0x00000000287b0000)]
  0x0000000027cf5800 JavaThread "C1 CompilerThread3" daemon [_thread_blocked, id=13032, stack(0x00000000285b0000,0x00000000286b0000)]
  0x0000000027cec000 JavaThread "C2 CompilerThread2" daemon [_thread_blocked, id=10156, stack(0x00000000284b0000,0x00000000285b0000)]
  0x0000000027cdd000 JavaThread "C2 CompilerThread1" daemon [_thread_blocked, id=12920, stack(0x00000000283b0000,0x00000000284b0000)]
  0x0000000027cd9000 JavaThread "C2 CompilerThread0" daemon [_thread_blocked, id=9696, stack(0x00000000282b0000,0x00000000283b0000)]
  0x0000000027cd7000 JavaThread "Attach Listener" daemon [_thread_blocked, id=12816, stack(0x00000000281b0000,0x00000000282b0000)]
  0x0000000027cd5800 JavaThread "Signal Dispatcher" daemon [_thread_blocked, id=4596, stack(0x00000000280b0000,0x00000000281b0000)]
  0x0000000002c2a800 JavaThread "Finalizer" daemon [_thread_blocked, id=8132, stack(0x0000000027ad0000,0x0000000027bd0000)]
  0x0000000002c23800 JavaThread "Reference Handler" daemon [_thread_blocked, id=11860, stack(0x00000000279d0000,0x0000000027ad0000)]
=>0x0000000002a2d800 JavaThread "main" [_thread_in_native, id=11156, stack(0x0000000002a30000,0x0000000002b30000)]

Other Threads:
  0x0000000025c09000 VMThread [stack: 0x00000000278d0000,0x00000000279d0000] [id=5796]
  0x0000000027daa000 WatcherThread [stack: 0x00000000287b0000,0x00000000288b0000] [id=11604]

VM state:not at safepoint (normal execution)

VM Mutex/Monitor currently owned by a thread: None

Heap:
 PSYoungGen      total 153088K, used 21062K [0x0000000715b00000, 0x0000000720580000, 0x00000007c0000000)
  eden space 131584K, 16% used [0x0000000715b00000,0x0000000716f91b00,0x000000071db80000)
  from space 21504K, 0% used [0x000000071f080000,0x000000071f080000,0x0000000720580000)
  to   space 21504K, 0% used [0x000000071db80000,0x000000071db80000,0x000000071f080000)
 ParOldGen       total 349696K, used 0K [0x00000005c1000000, 0x00000005d6580000, 0x0000000715b00000)
  object space 349696K, 0% used [0x00000005c1000000,0x00000005c1000000,0x00000005d6580000)
 Metaspace       used 7471K, capacity 8346K, committed 8576K, reserved 1056768K
  class space    used 564K, capacity 586K, committed 640K, reserved 1048576K

Card table byte_map: [0x0000000011ff0000,0x0000000012ff0000] byte_map_base: 0x000000000f1e8000

Marking Bits: (ParMarkBitMap*) 0x000000006d97a5b0
 Begin Bits: [0x00000000142a0000, 0x000000001c260000)
 End Bits:   [0x000000001c260000, 0x0000000024220000)

Polling page: 0x00000000028a0000

CodeCache: size=245760Kb used=2008Kb max_used=2008Kb free=243751Kb
 bounds [0x0000000002c30000, 0x0000000002ea0000, 0x0000000011c30000]
 total_blobs=910 nmethods=319 adapters=504
 compilation: enabled

Compilation events (10 events):
Event: 0.418 Thread 0x0000000027cf5800  315       3       java.nio.CharBuffer::arrayOffset (35 bytes)
Event: 0.418 Thread 0x0000000027cf5800 nmethod 315 0x0000000002e1e8d0 code [0x0000000002e1ea60, 0x0000000002e1ed78]
Event: 0.420 Thread 0x0000000027cf5800  316       3       java.nio.ByteBuffer::order (48 bytes)
Event: 0.420 Thread 0x0000000027cf5800 nmethod 316 0x0000000002e24bd0 code [0x0000000002e24d40, 0x0000000002e24fd0]
Event: 0.420 Thread 0x0000000027cf5800  317       3       java.nio.Buffer::remaining (10 bytes)
Event: 0.420 Thread 0x0000000027cf5800 nmethod 317 0x0000000002e1e390 code [0x0000000002e1e4e0, 0x0000000002e1e630]
Event: 0.421 Thread 0x0000000027cf5800  318       3       org.lwjgl.opengl.GL::getCapabilities (29 bytes)
Event: 0.421 Thread 0x0000000027cf5800 nmethod 318 0x0000000002e24510 code [0x0000000002e246a0, 0x0000000002e24a98]
Event: 0.421 Thread 0x0000000027cf5800  319       3       org.lwjgl.system.Checks::checkFunctionality (16 bytes)
Event: 0.421 Thread 0x0000000027cf5800 nmethod 319 0x0000000002e24050 code [0x0000000002e241c0, 0x0000000002e24408]

GC Heap History (0 events):
No events

Deoptimization events (0 events):
No events

Internal exceptions (2 events):
Event: 0.027 Thread 0x0000000002a2d800 Exception <a 'java/lang/NoSuchMethodError': Method sun.misc.Unsafe.defineClass(Ljava/lang/String;[BII)Ljava/lang/Class; name or signature does not match> (0x0000000715b0dc50) thrown at [C:\re\workspace\8-2-build-windows-amd64-cygwin\jdk8u60\4407\hotspot\srÎ;™Ì›?
Event: 0.027 Thread 0x0000000002a2d800 Exception <a 'java/lang/NoSuchMethodError': Method sun.misc.Unsafe.prefetchRead(Ljava/lang/Object;J)V name or signature does not match> (0x0000000715b0df38) thrown at [C:\re\workspace\8-2-build-windows-amd64-cygwin\jdk8u60\4407\hotspot\src\share\vm\prims\j

Events (10 events):
Event: 0.419 loading class utils/Vector3f
Event: 0.419 loading class utils/Vector3f done
Event: 0.419 loading class graphicsEngine/VertexArrayObject
Event: 0.419 loading class graphicsEngine/VertexArrayObject done
Event: 0.419 loading class java/nio/DirectFloatBufferU
Event: 0.419 loading class java/nio/DirectFloatBufferU done
Event: 0.419 loading class org/lwjgl/opengl/GLChecks
Event: 0.419 loading class org/lwjgl/opengl/GLChecks done
Event: 0.420 loading class gameEngine/Player
Event: 0.420 loading class gameEngine/Player done


Dynamic libraries:
0x00007ff72f5f0000 - 0x00007ff72f627000 	C:\Program Files\Java\jdk1.8.0_60\bin\java.exe
0x00007ffd861b0000 - 0x00007ffd86371000 	C:\WINDOWS\SYSTEM32\ntdll.dll
0x00007ffd85560000 - 0x00007ffd8560d000 	C:\WINDOWS\system32\KERNEL32.DLL
0x00007ffd83680000 - 0x00007ffd8385d000 	C:\WINDOWS\system32\KERNELBASE.dll
0x00007ffd86050000 - 0x00007ffd860f6000 	C:\WINDOWS\system32\ADVAPI32.dll
0x00007ffd85ad0000 - 0x00007ffd85b6d000 	C:\WINDOWS\system32\msvcrt.dll
0x00007ffd85770000 - 0x00007ffd857cb000 	C:\WINDOWS\system32\sechost.dll
0x00007ffd85430000 - 0x00007ffd85556000 	C:\WINDOWS\system32\RPCRT4.dll
0x00007ffd85d50000 - 0x00007ffd85e9e000 	C:\WINDOWS\system32\USER32.dll
0x00007ffd83c90000 - 0x00007ffd83e16000 	C:\WINDOWS\system32\GDI32.dll
0x00007ffd7dc40000 - 0x00007ffd7deb4000 	C:\WINDOWS\WinSxS\amd64_microsoft.windows.common-controls_6595b64144ccf1df_6.0.10240.16384_none_f41f7b285750ef43\COMCTL32.dll
0x00007ffd86170000 - 0x00007ffd861a6000 	C:\WINDOWS\system32\IMM32.DLL
0x00007ffd857d0000 - 0x00007ffd8592c000 	C:\WINDOWS\system32\MSCTF.dll
0x000000006da00000 - 0x000000006dad2000 	C:\Program Files\Java\jdk1.8.0_60\jre\bin\msvcr100.dll
0x000000006d170000 - 0x000000006d9f9000 	C:\Program Files\Java\jdk1.8.0_60\jre\bin\server\jvm.dll
0x00007ffd85d40000 - 0x00007ffd85d48000 	C:\WINDOWS\system32\PSAPI.DLL
0x00007ffd77e90000 - 0x00007ffd77e99000 	C:\WINDOWS\SYSTEM32\WSOCK32.dll
0x00007ffd7fe50000 - 0x00007ffd7fe5a000 	C:\WINDOWS\SYSTEM32\VERSION.dll
0x00007ffd80d40000 - 0x00007ffd80d63000 	C:\WINDOWS\SYSTEM32\WINMM.dll
0x00007ffd85700000 - 0x00007ffd85769000 	C:\WINDOWS\system32\WS2_32.dll
0x00007ffd85610000 - 0x00007ffd85618000 	C:\WINDOWS\system32\NSI.dll
0x00007ffd80ce0000 - 0x00007ffd80d0c000 	C:\WINDOWS\SYSTEM32\WINMMBASE.dll
0x00007ffd83400000 - 0x00007ffd83444000 	C:\WINDOWS\system32\cfgmgr32.dll
0x00007ffd81530000 - 0x00007ffd81557000 	C:\WINDOWS\SYSTEM32\DEVOBJ.dll
0x000000006d160000 - 0x000000006d16f000 	C:\Program Files\Java\jdk1.8.0_60\jre\bin\verify.dll
0x000000006d130000 - 0x000000006d159000 	C:\Program Files\Java\jdk1.8.0_60\jre\bin\java.dll
0x000000006d110000 - 0x000000006d126000 	C:\Program Files\Java\jdk1.8.0_60\jre\bin\zip.dll
0x00007ffd83e20000 - 0x00007ffd85342000 	C:\WINDOWS\system32\SHELL32.dll
0x00007ffd82d10000 - 0x00007ffd83338000 	C:\WINDOWS\system32\windows.storage.dll
0x00007ffd83860000 - 0x00007ffd83adc000 	C:\WINDOWS\system32\combase.dll
0x00007ffd85a70000 - 0x00007ffd85ac1000 	C:\WINDOWS\system32\shlwapi.dll
0x00007ffd82c50000 - 0x00007ffd82c5f000 	C:\WINDOWS\system32\kernel.appcore.dll
0x00007ffd83340000 - 0x00007ffd833f3000 	C:\WINDOWS\system32\shcore.dll
0x00007ffd82be0000 - 0x00007ffd82c2a000 	C:\WINDOWS\system32\powrprof.dll
0x00007ffd82bc0000 - 0x00007ffd82bd3000 	C:\WINDOWS\system32\profapi.dll
0x00007ffd7bec0000 - 0x00007ffd7bed0000 	C:\Program Files (x86)\JetBrains\IntelliJ IDEA Community Edition 14.1.5\bin\breakgen64.dll
0x000000006d0f0000 - 0x000000006d10a000 	C:\Program Files\Java\jdk1.8.0_60\jre\bin\net.dll
0x00007ffd82430000 - 0x00007ffd8248d000 	C:\WINDOWS\system32\mswsock.dll
0x00007ffd5e930000 - 0x00007ffd5ea0e000 	C:\java\lwjgl-3.0.0b\native\lwjgl.dll
0x00007ffd5e800000 - 0x00007ffd5e928000 	C:\WINDOWS\SYSTEM32\OPENGL32.dll
0x00007ffd5c580000 - 0x00007ffd5c676000 	C:\WINDOWS\SYSTEM32\DDRAW.dll
0x00007ffd754b0000 - 0x00007ffd754de000 	C:\WINDOWS\SYSTEM32\GLU32.dll
0x00007ffd7bbf0000 - 0x00007ffd7bbf8000 	C:\WINDOWS\SYSTEM32\DCIMAN32.dll
0x00007ffd81420000 - 0x00007ffd814b6000 	C:\WINDOWS\system32\uxtheme.dll
0x00007ffd80be0000 - 0x00007ffd80c02000 	C:\WINDOWS\SYSTEM32\dwmapi.dll
0x00007ffd696a0000 - 0x00007ffd69742000 	C:\Program Files\Common Files\microsoft shared\ink\tiptsf.dll
0x00007ffd85620000 - 0x00007ffd856de000 	C:\WINDOWS\system32\OLEAUT32.dll
0x000000006b840000 - 0x000000006cdbe000 	C:\WINDOWS\SYSTEM32\nvoglv64.DLL
0x00007ffd85b70000 - 0x00007ffd85d35000 	C:\WINDOWS\system32\SETUPAPI.dll
0x00007ffd80c90000 - 0x00007ffd80ca3000 	C:\WINDOWS\SYSTEM32\WTSAPI32.dll
0x00007ffd83450000 - 0x00007ffd834a4000 	C:\WINDOWS\system32\WINTRUST.dll
0x00007ffd82c30000 - 0x00007ffd82c41000 	C:\WINDOWS\system32\MSASN1.dll
0x00007ffd834b0000 - 0x00007ffd83671000 	C:\WINDOWS\system32\CRYPT32.dll
0x00007ffd81f60000 - 0x00007ffd81f92000 	C:\WINDOWS\SYSTEM32\ntmarta.dll
0x00007ffd81c80000 - 0x00007ffd81cd8000 	C:\WINDOWS\SYSTEM32\WINSTA.dll
0x00007ffd82a10000 - 0x00007ffd82a7b000 	C:\WINDOWS\SYSTEM32\bcryptPrimitives.dll
0x00007ffd4e650000 - 0x00007ffd4e7da000 	C:\WINDOWS\SYSTEM32\dbghelp.dll

VM Arguments:
jvm_args: -Djava.library.path=C:\java\lwjgl-3.0.0b\native -Didea.launcher.port=7543 -Didea.launcher.bin.path=C:\Program Files (x86)\JetBrains\IntelliJ IDEA Community Edition 14.1.5\bin -Dfile.encoding=windows-1252 
java_command: com.intellij.rt.execution.application.AppMain main.Driver
java_class_path (initial): C:\Program Files\Java\jdk1.8.0_60\jre\lib\charsets.jar;C:\Program Files\Java\jdk1.8.0_60\jre\lib\deploy.jar;C:\Program Files\Java\jdk1.8.0_60\jre\lib\javaws.jar;C:\Program Files\Java\jdk1.8.0_60\jre\lib\jce.jar;C:\Program Files\Java\jdk1.8.0_60\jre\lib\jfr.jar;C:\Program Files\Java\jdk1.8.0_60\jre\lib\jfxswt.jar;C:\Program Files\Java\jdk1.8.0_60\jre\lib\jsse.jar;C:\Program Files\Java\jdk1.8.0_60\jre\lib\management-agent.jar;C:\Program Files\Java\jdk1.8.0_60\jre\lib\plugin.jar;C:\Program Files\Java\jdk1.8.0_60\jre\lib\resources.jar;C:\Program Files\Java\jdk1.8.0_60\jre\lib\rt.jar;C:\Program Files\Java\jdk1.8.0_60\jre\lib\ext\access-bridge-64.jar;C:\Program Files\Java\jdk1.8.0_60\jre\lib\ext\cldrdata.jar;C:\Program Files\Java\jdk1.8.0_60\jre\lib\ext\dnsns.jar;C:\Program Files\Java\jdk1.8.0_60\jre\lib\ext\jaccess.jar;C:\Program Files\Java\jdk1.8.0_60\jre\lib\ext\jfxrt.jar;C:\Program Files\Java\jdk1.8.0_60\jre\lib\ext\localedata.jar;C:\Program Files\Java\jdk1.8.0_60\jre\lib\ext\nashorn.jar;C:\Program Files\Java\jdk1.8.0_60\jre\lib\ext\sunec.jar;C:\Program Files\Java\jdk1.8.0_60\jre\lib\ext\sunjce_provider.jar;C:\Program Files\Java\jdk1.8.0_60\jre\lib\ext\sunmscapi.jar;C:\Program Files\Java\jdk1.8.0_60\jre\lib\ext\sunpkcs11.jar;C:\Program Files\Java\jdk1.8.0_60\jre\lib\ext\zipfs.jar;E:\Files\IdeaProjects\personal_02\out\production\personal_02;C:\java\lwjgl-3.0.0b\jar\lwjgl.jar;C:\Program Files (x86)\JetBrains\IntelliJ IDEA Community Edition 14.1.5\lib\idea_rt.jar
Launcher Type: SUN_STANDARD

Environment Variables:
PATH=C:\ProgramData\Oracle\Java\javapath;C:\Program Files\Haskell\bin;C:\Program Files\Haskell Platform\7.10.2-a\lib\extralibs\bin;C:\Program Files\Haskell Platform\7.10.2-a\bin;C:\Program Files\Broadcom\Broadcom 802.11 Network Adapter\Driver;C:\Windows\system32;C:\Windows;C:\Windows\System32\Wbem;C:\Windows\System32\WindowsPowerShell\v1.0\;C:\WINDOWS\system32;C:\WINDOWS;C:\WINDOWS\System32\Wbem;C:\WINDOWS\System32\WindowsPowerShell\v1.0\;C:\Program Files (x86)\NVIDIA Corporation\PhysX\Common;C:\Program Files (x86)\Skype\Phone\;C:\Program Files\Haskell Platform\7.10.2-a\mingw\bin;C:\Users\Rick\AppData\Roaming\cabal\bin
USERNAME=Rick
OS=Windows_NT
PROCESSOR_IDENTIFIER=Intel64 Family 6 Model 60 Stepping 3, GenuineIntel



---------------  S Y S T E M  ---------------

OS: Windows 10.0 , 64 bit Build 10240 (10.0.10240.16384)

CPU:total 8 (4 cores per cpu, 2 threads per core) family 6 model 60 stepping 3, cmov, cx8, fxsr, mmx, sse, sse2, sse3, ssse3, sse4.1, sse4.2, popcnt, avx, avx2, aes, clmul, erms, lzcnt, ht, tsc, tscinvbit, bmi1, bmi2

Memory: 4k page, physical 33485092k(25422644k free), swap 33485092k(23136852k free)

vm_info: Java HotSpot(TM) 64-Bit Server VM (25.60-b23) for windows-amd64 JRE (1.8.0_60-b27), built on Aug  4 2015 11:06:27 by "java_re" with MS VC++ 10.0 (VS2010)

time: Sun Oct 18 18:04:59 2015
elapsed time: 0 seconds (0d 0h 0m 0s)

